Unity Editor version:    2020.3.30f1 (1fb1bf06830e)
Branch:                  2020.3/staging
Build type:              Release
Batch mode:              YES
macOS version:           Version 12.4 (Build 21F79)
Darwin version:          21.5.0
Architecture:            x86_64
Running under Rosetta:   YES
Available memory:        16384 MB
Using pre-set license
Pro License: NO

COMMAND LINE ARGUMENTS:
/Applications/Unity/Hub/Editor/2020.3.30f1/Unity.app/Contents/MacOS/Unity
-adb2
-batchMode
-noUpm
-name
AssetImportWorker0
-projectPath
/Users/fcujino/funfungame/FunFunGame
-logFile
Logs/AssetImportWorker0.log
-srvPort
52124
Successfully changed project path to: /Users/fcujino/funfungame/FunFunGame
/Users/fcujino/funfungame/FunFunGame
Using Asset Import Pipeline V2.
Refreshing native plugins compatible for Editor in 26.50 ms, found 2 plugins.
Preloading 0 native plugins for Editor in 0.00 ms.
Initialize engine version: 2020.3.30f1 (1fb1bf06830e)
[Subsystems] Discovering subsystems at path /Applications/Unity/Hub/Editor/2020.3.30f1/Unity.app/Contents/Resources/UnitySubsystems
[Subsystems] Discovering subsystems at path /Users/fcujino/funfungame/FunFunGame/Assets
GfxDevice: creating device client; threaded=0
2022-07-16 16:53:26.468 Unity[5015:125905] (null) preferred device: Apple M1 (high power)
2022-07-16 16:53:26.468 Unity[5015:125905] Metal devices available: 1
2022-07-16 16:53:26.468 Unity[5015:125905] 0: Apple M1 (high power)
2022-07-16 16:53:26.468 Unity[5015:125905] Using device Apple M1 (high power)
Initializing Metal device caps: Apple M1
Initialize mono
Mono path[0] = '/Applications/Unity/Hub/Editor/2020.3.30f1/Unity.app/Contents/Managed'
Mono path[1] = '/Applications/Unity/Hub/Editor/2020.3.30f1/Unity.app/Contents/MonoBleedingEdge/lib/mono/unityjit'
Mono config path = '/Applications/Unity/Hub/Editor/2020.3.30f1/Unity.app/Contents/MonoBleedingEdge/etc'
Using monoOptions --debugger-agent=transport=dt_socket,embedding=1,server=y,suspend=n,address=127.0.0.1:56015
Begin MonoManager ReloadAssembly
Registering precompiled unity dll's ...
Register platform support module: /Applications/Unity/Hub/Editor/2020.3.30f1/PlaybackEngines/WebGLSupport/UnityEditor.WebGL.Extensions.dll
Register platform support module: /Applications/Unity/Hub/Editor/2020.3.30f1/Unity.app/Contents/PlaybackEngines/MacStandaloneSupport/UnityEditor.OSXStandalone.Extensions.dll
Registered in 0.001581 seconds.
Native extension for OSXStandalone target not found
Native extension for WebGL target not found
Refreshing native plugins compatible for Editor in 27.81 ms, found 2 plugins.
Preloading 0 native plugins for Editor in 0.00 ms.
Mono: successfully reloaded assembly
- Completed reload, in  1.211 seconds
Domain Reload Profiling:
	ReloadAssembly (1211ms)
		BeginReloadAssembly (120ms)
			ExecutionOrderSort (0ms)
			DisableScriptedObjects (0ms)
			BackupInstance (0ms)
			ReleaseScriptingObjects (0ms)
			CreateAndSetChildDomain (2ms)
		EndReloadAssembly (987ms)
			LoadAssemblies (119ms)
			RebuildTransferFunctionScriptingTraits (0ms)
			SetupTypeCache (175ms)
			ReleaseScriptCaches (0ms)
			RebuildScriptCaches (38ms)
			SetupLoadedEditorAssemblies (512ms)
				LogAssemblyErrors (0ms)
				InitializePlatformSupportModulesInManaged (13ms)
				SetLoadedEditorAssemblies (1ms)
				RefreshPlugins (28ms)
				BeforeProcessingInitializeOnLoad (77ms)
				ProcessInitializeOnLoadAttributes (293ms)
				ProcessInitializeOnLoadMethodAttributes (100ms)
				AfterProcessingInitializeOnLoad (0ms)
				EditorAssembliesLoaded (1ms)
			ExecutionOrderSort2 (0ms)
			AwakeInstancesAfterBackupRestoration (0ms)
Platform modules already initialized, skipping
Registering precompiled user dll's ...
Registered in 0.003034 seconds.
Begin MonoManager ReloadAssembly
Native extension for OSXStandalone target not found
Native extension for WebGL target not found
Refreshing native plugins compatible for Editor in 0.29 ms, found 2 plugins.
Preloading 0 native plugins for Editor in 0.00 ms.
Mono: successfully reloaded assembly
- Completed reload, in  2.034 seconds
Domain Reload Profiling:
	ReloadAssembly (2036ms)
		BeginReloadAssembly (256ms)
			ExecutionOrderSort (0ms)
			DisableScriptedObjects (32ms)
			BackupInstance (0ms)
			ReleaseScriptingObjects (0ms)
			CreateAndSetChildDomain (30ms)
		EndReloadAssembly (1696ms)
			LoadAssemblies (188ms)
			RebuildTransferFunctionScriptingTraits (0ms)
			SetupTypeCache (296ms)
			ReleaseScriptCaches (0ms)
			RebuildScriptCaches (47ms)
			SetupLoadedEditorAssemblies (940ms)
				LogAssemblyErrors (0ms)
				InitializePlatformSupportModulesInManaged (16ms)
				SetLoadedEditorAssemblies (2ms)
				RefreshPlugins (0ms)
				BeforeProcessingInitializeOnLoad (182ms)
				ProcessInitializeOnLoadAttributes (712ms)
				ProcessInitializeOnLoadMethodAttributes (27ms)
				AfterProcessingInitializeOnLoad (1ms)
				EditorAssembliesLoaded (0ms)
			ExecutionOrderSort2 (0ms)
			AwakeInstancesAfterBackupRestoration (32ms)
Platform modules already initialized, skipping
Validating Project structure ... 0.000090 seconds.
Shader import version has changed; will reimport all shaders...
Upgrading shader files ...0.000149 seconds.
Application.AssetDatabase Initial Script Refresh Start
RefreshInfo: InitialScriptRefreshV2(NoUpdateAssetOptions) scanfilter:  ... 1 filters
RefreshProfiler: Total: 0.000ms
Application.AssetDatabase Initial Script Refresh End
Application.AssetDatabase.Refresh Start
Application.AssetDatabase.Refresh End
RefreshInfo: StopAssetImportingV2(ForceSynchronousImport) scanfilter: 
RefreshProfiler: Total: 0.000ms
Launching external process: /Applications/Unity/Hub/Editor/2020.3.30f1/Unity.app/Contents/Tools/UnityShaderCompiler
Launched and connected shader compiler UnityShaderCompiler after 0.02 seconds
Initializing Unity extensions:
2022-07-16 16:53:30.506 Unity[5015:125905] NSEventModifierFlagFunction specified to -setKeyEquivalentModifierMask: for item <NSMenuItem: 0x6000026da990 Font Asset, ke='Command-F12'>, but is only supported for system-provided menu items; will not be used
2022-07-16 16:53:30.509 Unity[5015:125905] NSEventModifierFlagFunction specified to -setKeyEquivalentModifierMask: for item <NSMenuItem: 0x6000026a8ee0 Font Asset, ke='Command-F12'>, but is only supported for system-provided menu items; will not be used
========================================================================
Worker process is ready to serve import requests
Refreshing native plugins compatible for Editor in 0.16 ms, found 2 plugins.
Preloading 0 native plugins for Editor in 0.00 ms.
Unloading 1503 Unused Serialized files (Serialized files now loaded: 0)
System memory in use before: 176.3 MB.
System memory in use after: 175.5 MB.

Unloading 77 unused Assets to reduce memory usage. Loaded Objects now: 1977.
Total: 2.315916 ms (FindLiveObjects: 0.064833 ms CreateObjectMapping: 0.028417 ms MarkObjects: 1.814125 ms  DeleteObjects: 0.407917 ms)

AssetImportParameters requested are different than current active one (requested -> active):
  custom:video-decoder-ogg-theora: a1e56fd34408186e4bbccfd4996cb3dc -> 
  custom:container-muxer-webm: aa71ff27fc2769a1b78a27578f13a17b -> 
  custom:container-demuxer-webm: 4f35f7cbe854078d1ac9338744f61a02 -> 
  custom:container-demuxer-ogg: 62fdf1f143b41e24485cea50d1cbac27 -> 
  custom:video-encoder-webm-vp8: eb34c28f22e8b96e1ab97ce403110664 -> 
  custom:framework-osx-AVFoundation: e770b220cccbd017edd2c1fefb359320 -> 
  custom:video-decoder-webm-vp8: 9c59270c3fd7afecdb556c50c9e8de78 -> 
  custom:audio-decoder-ogg-vorbis: bf7c407c2cedff20999df2af8eb42d56 -> 
  custom:audio-encoder-webm-vorbis: bf7c407c2cedff20999df2af8eb42d56 -> 
========================================================================
Received Import Request.
  path: Assets/Scripts
  artifactKey: Guid(7ec54e94dd1424390b08e3f08c2a0065) Importer(815301076,1909f56bfc062723c751e8b465ee728b)
Start importing Assets/Scripts using Guid(7ec54e94dd1424390b08e3f08c2a0065) Importer(815301076,1909f56bfc062723c751e8b465ee728b)  -> (artifact id: 'a22d4156f8bd11c33854b8e9793f8dcf') in 0.005546 seconds 
========================================================================
Received Import Request.
  Time since last request: 0.980648 seconds.
  path: Assets/Sprites
  artifactKey: Guid(ab95a37c8e8104510ab2a797f005bf72) Importer(815301076,1909f56bfc062723c751e8b465ee728b)
Start importing Assets/Sprites using Guid(ab95a37c8e8104510ab2a797f005bf72) Importer(815301076,1909f56bfc062723c751e8b465ee728b)  -> (artifact id: '59c17655b60204f23db09fe8b0e900ae') in 0.001066 seconds 
========================================================================
Received Import Request.
  Time since last request: 8.617865 seconds.
  path: Assets/Prefabs
  artifactKey: Guid(b445c0fb636e24f108dc91599496519e) Importer(815301076,1909f56bfc062723c751e8b465ee728b)
Start importing Assets/Prefabs using Guid(b445c0fb636e24f108dc91599496519e) Importer(815301076,1909f56bfc062723c751e8b465ee728b)  -> (artifact id: '565fc442e99a1ef9e611d242ffde66a5') in 0.001375 seconds 
========================================================================
Received Import Request.
  Time since last request: 9.354671 seconds.
  path: Assets/Sounds
  artifactKey: Guid(ca65154a1228f4035bb9d9c40647d26b) Importer(815301076,1909f56bfc062723c751e8b465ee728b)
Start importing Assets/Sounds using Guid(ca65154a1228f4035bb9d9c40647d26b) Importer(815301076,1909f56bfc062723c751e8b465ee728b)  -> (artifact id: 'a56dcf7b21ae9052125a9a4bf38814a2') in 0.001232 seconds 
========================================================================
Received Import Request.
  Time since last request: 9.292409 seconds.
  path: Assets/Ressources
  artifactKey: Guid(cc26fdc9760534c9f97b37c4f8a3a101) Importer(815301076,1909f56bfc062723c751e8b465ee728b)
Start importing Assets/Ressources using Guid(cc26fdc9760534c9f97b37c4f8a3a101) Importer(815301076,1909f56bfc062723c751e8b465ee728b)  -> (artifact id: '5aa0eb525572fc19f414e5730aa4a328') in 0.001272 seconds 
========================================================================
Received Import Request.
  Time since last request: 90.787608 seconds.
  path: Assets/Sprites/enemy_red.png
  artifactKey: Guid(60ff79b16422e42058d2d7fe8d34a9ff) Importer(815301076,1909f56bfc062723c751e8b465ee728b)
Start importing Assets/Sprites/enemy_red.png using Guid(60ff79b16422e42058d2d7fe8d34a9ff) Importer(815301076,1909f56bfc062723c751e8b465ee728b)  -> (artifact id: '526a263ef4b08cb601840e3162c39264') in 0.183731 seconds 
========================================================================
Received Import Request.
  Time since last request: 1.660581 seconds.
  path: Assets/Sprites/enemy_green.png
  artifactKey: Guid(8de335673f9564d0eafa2274a38570b7) Importer(815301076,1909f56bfc062723c751e8b465ee728b)
Start importing Assets/Sprites/enemy_green.png using Guid(8de335673f9564d0eafa2274a38570b7) Importer(815301076,1909f56bfc062723c751e8b465ee728b)  -> (artifact id: '6f2e78f9b69b232a76944069fb54119f') in 0.012657 seconds 
========================================================================
Received Import Request.
  Time since last request: 8.580689 seconds.
  path: Assets/Sprites/enemy_red.png
  artifactKey: Guid(60ff79b16422e42058d2d7fe8d34a9ff) Importer(815301076,1909f56bfc062723c751e8b465ee728b)
Start importing Assets/Sprites/enemy_red.png using Guid(60ff79b16422e42058d2d7fe8d34a9ff) Importer(815301076,1909f56bfc062723c751e8b465ee728b)  -> (artifact id: '1d96a31a14fe01328cd6c6fc2ba65e27') in 0.058186 seconds 
========================================================================
Received Import Request.
  Time since last request: 2.311636 seconds.
  path: Assets/Sprites/enemy_green.png
  artifactKey: Guid(8de335673f9564d0eafa2274a38570b7) Importer(815301076,1909f56bfc062723c751e8b465ee728b)
Start importing Assets/Sprites/enemy_green.png using Guid(8de335673f9564d0eafa2274a38570b7) Importer(815301076,1909f56bfc062723c751e8b465ee728b)  -> (artifact id: '7fa67637db139eeed0032bc83e6be14e') in 0.020358 seconds 
========================================================================
Received Prepare
Registering precompiled user dll's ...
Registered in 0.000964 seconds.
Begin MonoManager ReloadAssembly
Native extension for OSXStandalone target not found
Native extension for WebGL target not found
Refreshing native plugins compatible for Editor in 0.34 ms, found 2 plugins.
Preloading 0 native plugins for Editor in 0.00 ms.
2022-07-16 16:56:27.367 Unity[5015:125905] NSEventModifierFlagFunction specified to -setKeyEquivalentModifierMask: for item <NSMenuItem: 0x6000026f5500 Font Asset, ke='Command-F12'>, but is only supported for system-provided menu items; will not be used
Mono: successfully reloaded assembly
- Completed reload, in  2.133 seconds
Domain Reload Profiling:
	ReloadAssembly (2134ms)
		BeginReloadAssembly (218ms)
			ExecutionOrderSort (0ms)
			DisableScriptedObjects (28ms)
			BackupInstance (0ms)
			ReleaseScriptingObjects (0ms)
			CreateAndSetChildDomain (63ms)
		EndReloadAssembly (1830ms)
			LoadAssemblies (203ms)
			RebuildTransferFunctionScriptingTraits (0ms)
			SetupTypeCache (304ms)
			ReleaseScriptCaches (1ms)
			RebuildScriptCaches (45ms)
			SetupLoadedEditorAssemblies (1028ms)
				LogAssemblyErrors (0ms)
				InitializePlatformSupportModulesInManaged (15ms)
				SetLoadedEditorAssemblies (3ms)
				RefreshPlugins (0ms)
				BeforeProcessingInitializeOnLoad (231ms)
				ProcessInitializeOnLoadAttributes (747ms)
				ProcessInitializeOnLoadMethodAttributes (31ms)
				AfterProcessingInitializeOnLoad (1ms)
				EditorAssembliesLoaded (0ms)
			ExecutionOrderSort2 (0ms)
			AwakeInstancesAfterBackupRestoration (32ms)
Platform modules already initialized, skipping
Switching build target platform(2) subTarget(0) extendedPlatform(0) -> platform(13) subTarget(537395200) extendedPlatform(0)
Refreshing native plugins compatible for Editor in 0.28 ms, found 2 plugins.
Preloading 0 native plugins for Editor in 0.00 ms.
Unloading 1500 Unused Serialized files (Serialized files now loaded: 0)
System memory in use before: 178.6 MB.
System memory in use after: 178.7 MB.

Unloading 12 unused Assets to reduce memory usage. Loaded Objects now: 1986.
Total: 1.951209 ms (FindLiveObjects: 0.067417 ms CreateObjectMapping: 0.030458 ms MarkObjects: 1.830458 ms  DeleteObjects: 0.022084 ms)

AssetImportParameters requested are different than current active one (requested -> active):
  custom:video-decoder-ogg-theora: a1e56fd34408186e4bbccfd4996cb3dc -> 
  custom:container-muxer-webm: aa71ff27fc2769a1b78a27578f13a17b -> 
  custom:container-demuxer-webm: 4f35f7cbe854078d1ac9338744f61a02 -> 
  custom:container-demuxer-ogg: 62fdf1f143b41e24485cea50d1cbac27 -> 
  custom:video-encoder-webm-vp8: eb34c28f22e8b96e1ab97ce403110664 -> 
  custom:framework-osx-AVFoundation: e770b220cccbd017edd2c1fefb359320 -> 
  custom:video-decoder-webm-vp8: 9c59270c3fd7afecdb556c50c9e8de78 -> 
  custom:graphics/normal-map-encoding: 01000000000000000000000000000000 -> 02000000000000000000000000000000
  custom:audio-decoder-ogg-vorbis: bf7c407c2cedff20999df2af8eb42d56 -> 
  custom:audio-encoder-webm-vorbis: bf7c407c2cedff20999df2af8eb42d56 -> 
========================================================================
Received Prepare
Refreshing native plugins compatible for Editor in 0.95 ms, found 2 plugins.
Preloading 0 native plugins for Editor in 0.00 ms.
Unloading 9 Unused Serialized files (Serialized files now loaded: 0)
System memory in use before: 148.9 MB.
System memory in use after: 149.0 MB.

Unloading 9 unused Assets to reduce memory usage. Loaded Objects now: 1986.
Total: 1.945834 ms (FindLiveObjects: 0.071542 ms CreateObjectMapping: 0.028750 ms MarkObjects: 1.829583 ms  DeleteObjects: 0.015417 ms)

AssetImportParameters requested are different than current active one (requested -> active):
  custom:video-decoder-ogg-theora: a1e56fd34408186e4bbccfd4996cb3dc -> 
  custom:container-muxer-webm: aa71ff27fc2769a1b78a27578f13a17b -> 
  custom:container-demuxer-webm: 4f35f7cbe854078d1ac9338744f61a02 -> 
  custom:container-demuxer-ogg: 62fdf1f143b41e24485cea50d1cbac27 -> 
  custom:video-encoder-webm-vp8: eb34c28f22e8b96e1ab97ce403110664 -> 
  custom:framework-osx-AVFoundation: e770b220cccbd017edd2c1fefb359320 -> 
  custom:video-decoder-webm-vp8: 9c59270c3fd7afecdb556c50c9e8de78 -> 
  custom:audio-decoder-ogg-vorbis: bf7c407c2cedff20999df2af8eb42d56 -> 
  custom:audio-encoder-webm-vorbis: bf7c407c2cedff20999df2af8eb42d56 -> 
========================================================================
Received Import Request.
  Time since last request: 46.696829 seconds.
  path: Assets/Sprites/enemy_green.png
  artifactKey: Guid(8de335673f9564d0eafa2274a38570b7) Importer(815301076,1909f56bfc062723c751e8b465ee728b)
Start importing Assets/Sprites/enemy_green.png using Guid(8de335673f9564d0eafa2274a38570b7) Importer(815301076,1909f56bfc062723c751e8b465ee728b)  -> (artifact id: 'd41cd0ef5e4ce3886674fa43c0c8e805') in 0.125630 seconds 
========================================================================
Received Import Request.
  Time since last request: 15344.051758 seconds.
  path: Assets/Sprites/cloud_01.png
  artifactKey: Guid(ef7709a0d026044f7844cf803b555306) Importer(815301076,1909f56bfc062723c751e8b465ee728b)
Start importing Assets/Sprites/cloud_01.png using Guid(ef7709a0d026044f7844cf803b555306) Importer(815301076,1909f56bfc062723c751e8b465ee728b)  -> (artifact id: 'f207e93e4b7a6d6305b498d6e4c68f63') in 0.022951 seconds 
========================================================================
Received Import Request.
  Time since last request: 2.095168 seconds.
  path: Assets/Sprites/cloud_03.png
  artifactKey: Guid(f7738fbc8c7164f8e963aa6f8db94f6d) Importer(815301076,1909f56bfc062723c751e8b465ee728b)
Start importing Assets/Sprites/cloud_03.png using Guid(f7738fbc8c7164f8e963aa6f8db94f6d) Importer(815301076,1909f56bfc062723c751e8b465ee728b)  -> (artifact id: '6b9fc4bedf998087a4bcf4e3bbd9b0d3') in 0.009129 seconds 
========================================================================
Received Import Request.
  Time since last request: 5.964623 seconds.
  path: Assets/Sprites/cloud_03.png
  artifactKey: Guid(f7738fbc8c7164f8e963aa6f8db94f6d) Importer(815301076,1909f56bfc062723c751e8b465ee728b)
Start importing Assets/Sprites/cloud_03.png using Guid(f7738fbc8c7164f8e963aa6f8db94f6d) Importer(815301076,1909f56bfc062723c751e8b465ee728b)  -> (artifact id: 'd6ed84658e9262abdcb128e671340e97') in 0.012964 seconds 
========================================================================
Received Import Request.
  Time since last request: 4.892288 seconds.
  path: Assets/Scenes
  artifactKey: Guid(4dba003a46ee54d14ba544d94cffcd48) Importer(815301076,1909f56bfc062723c751e8b465ee728b)
Start importing Assets/Scenes using Guid(4dba003a46ee54d14ba544d94cffcd48) Importer(815301076,1909f56bfc062723c751e8b465ee728b)  -> (artifact id: '34edceaa3290e565206d5686ede6aa92') in 0.001435 seconds 
========================================================================
Received Import Request.
  Time since last request: 2.284130 seconds.
  path: Assets/Scenes/AssetBuilding.unity
  artifactKey: Guid(2342163c635b94e9fa1a5c1049797b49) Importer(815301076,1909f56bfc062723c751e8b465ee728b)
Start importing Assets/Scenes/AssetBuilding.unity using Guid(2342163c635b94e9fa1a5c1049797b49) Importer(815301076,1909f56bfc062723c751e8b465ee728b)  -> (artifact id: '796fce9cd051e4cc4062122abca8bd58') in 0.002367 seconds 
========================================================================
Received Import Request.
  Time since last request: 30.306569 seconds.
  path: Assets/Sprites/sky.png
  artifactKey: Guid(866cdf0d69b404280abe6539e37a0f61) Importer(815301076,1909f56bfc062723c751e8b465ee728b)
Start importing Assets/Sprites/sky.png using Guid(866cdf0d69b404280abe6539e37a0f61) Importer(815301076,1909f56bfc062723c751e8b465ee728b)  -> (artifact id: 'fccd88f2986b7ca52cde04dabe7ebe90') in 0.012086 seconds 
========================================================================
Received Import Request.
  Time since last request: 5.555061 seconds.
  path: Assets/Sprites/sky.png
  artifactKey: Guid(866cdf0d69b404280abe6539e37a0f61) Importer(815301076,1909f56bfc062723c751e8b465ee728b)
Start importing Assets/Sprites/sky.png using Guid(866cdf0d69b404280abe6539e37a0f61) Importer(815301076,1909f56bfc062723c751e8b465ee728b)  -> (artifact id: 'ca3b9f9374d4e2776d3df4c93990c8fe') in 0.019353 seconds 
========================================================================
Received Import Request.
  Time since last request: 51.792269 seconds.
  path: Assets/Sprites/cloud_02.png
  artifactKey: Guid(190d874cf215b4bfbbdad65239b8fe09) Importer(815301076,1909f56bfc062723c751e8b465ee728b)
Start importing Assets/Sprites/cloud_02.png using Guid(190d874cf215b4bfbbdad65239b8fe09) Importer(815301076,1909f56bfc062723c751e8b465ee728b)  -> (artifact id: '5d77465f8ee536dcbf4dc8e5c9d19e33') in 0.012428 seconds 
========================================================================
Received Import Request.
  Time since last request: 0.772745 seconds.
  path: Assets/Sprites/cloud_04.png
  artifactKey: Guid(448bf0ece49094e2582b5be2a8d74715) Importer(815301076,1909f56bfc062723c751e8b465ee728b)
Start importing Assets/Sprites/cloud_04.png using Guid(448bf0ece49094e2582b5be2a8d74715) Importer(815301076,1909f56bfc062723c751e8b465ee728b)  -> (artifact id: '774b053bf3a65cf307fc162a4a4c0d68') in 0.021592 seconds 
========================================================================
Received Import Request.
  Time since last request: 5.767669 seconds.
  path: Assets/Sprites/player.png
  artifactKey: Guid(d5104958287a7419babcc56cde1a4905) Importer(815301076,1909f56bfc062723c751e8b465ee728b)
Start importing Assets/Sprites/player.png using Guid(d5104958287a7419babcc56cde1a4905) Importer(815301076,1909f56bfc062723c751e8b465ee728b)  -> (artifact id: '94380c833c429d646d9314f3b9fdafe5') in 0.018837 seconds 
========================================================================
Received Import Request.
  Time since last request: 53.762492 seconds.
  path: Assets/Sprites/enemy_red.png
  artifactKey: Guid(60ff79b16422e42058d2d7fe8d34a9ff) Importer(815301076,1909f56bfc062723c751e8b465ee728b)
Start importing Assets/Sprites/enemy_red.png using Guid(60ff79b16422e42058d2d7fe8d34a9ff) Importer(815301076,1909f56bfc062723c751e8b465ee728b)  -> (artifact id: 'ec9e24f0cc72119a4a9824c55683acb1') in 0.014235 seconds 
